{"sessionId":"b03066","location":"vite.config.ts:module","message":"vite.config evaluated","data":{"node":"v24.15.0","platform":"win32","pid":1076},"timestamp":1778693298757,"hypothesisId":"H1"}
{"sessionId":"b03066","location":"vite.config.ts:configureServer","message":"vite dev server configuring","data":{"node":"v24.15.0","platform":"win32","pid":1076,"argv0":"C:\\Program Files\\nodejs\\node.exe","argvTail":"C:\\Users\\kerra\\projects\\Immortalathleticswebsite\\node_modules\\vite\\bin\\vite.js --port 49931"},"timestamp":1778693298786,"hypothesisId":"H1"}
{"sessionId":"b03066","location":"vite.config.ts:handleHotUpdate","message":"hmr","data":{"n":6,"file":"C:/Users/kerra/projects/Immortalathleticswebsite/debug-b03066.log","ts":1778693298785,"isWinAbs":true,"isCss":false},"timestamp":1778693298785,"hypothesisId":"H2"}
{"sessionId":"b03066","location":"vite.config.ts:handleHotUpdate","message":"hmr","data":{"n":6,"file":"C:/Users/kerra/projects/Immortalathleticswebsite/debug-b03066.log","ts":1778693298785,"isWinAbs":true,"isCss":false},"timestamp":1778693298785,"hypothesisId":"H2"}
{"sessionId":"b03066","location":"vite.config.ts:handleHotUpdate","message":"hmr","data":{"n":6,"file":"C:/Users/kerra/projects/Immortalathleticswebsite/debug-b03066.log","ts":1778693298786,"isWinAbs":true,"isCss":false},"timestamp":1778693298786,"hypothesisId":"H2"}
{"sessionId":"b03066","location":"vite.config.ts:handleHotUpdate","message":"hmr","data":{"n":7,"file":"C:/Users/kerra/projects/Immortalathleticswebsite/.cursor/debug-b03066.log","ts":1778693298795,"isWinAbs":true,"isCss":false},"timestamp":1778693298795,"hypothesisId":"H2"}
{"sessionId":"b03066","location":"vite.config.ts:handleHotUpdate","message":"hmr","data":{"n":7,"file":"C:/Users/kerra/projects/Immortalathleticswebsite/.cursor/debug-b03066.log","ts":1778693298796,"isWinAbs":true,"isCss":false},"timestamp":1778693298796,"hypothesisId":"H2"}
{"sessionId":"b03066","location":"vite.config.ts:handleHotUpdate","message":"hmr","data":{"n":7,"file":"C:/Users/kerra/projects/Immortalathleticswebsite/.cursor/debug-b03066.log","ts":1778693298798,"isWinAbs":true,"isCss":false},"timestamp":1778693298798,"hypothesisId":"H2"}
{"sessionId":"b03066","location":"vite.config.ts:buildStart","message":"vite buildStart","data":{"command":"unknown","node":"v24.15.0","platform":"win32","pid":1076},"timestamp":1778693298805,"hypothesisId":"H3"}
{"sessionId":"b03066","location":"vite.config.ts:listening","message":"http server listening","data":{"address":{"address":"::1","family":"IPv6","port":49931}},"timestamp":1778693298834,"hypothesisId":"H1"}
{"sessionId":"b03066","location":"vite.config.ts:handleHotUpdate","message":"hmr","data":{"n":8,"file":"C:/Users/kerra/projects/Immortalathleticswebsite/api/instagram-feed.ts","ts":1778694427417,"isWinAbs":true,"isCss":false},"timestamp":1778694427417,"hypothesisId":"H2"}
{"sessionId":"b03066","location":"vite.config.ts:handleHotUpdate","message":"hmr","data":{"n":8,"file":"C:/Users/kerra/projects/Immortalathleticswebsite/api/instagram-feed.ts","ts":1778694427420,"isWinAbs":true,"isCss":false},"timestamp":1778694427420,"hypothesisId":"H2"}
{"sessionId":"b03066","location":"vite.config.ts:handleHotUpdate","message":"hmr","data":{"n":8,"file":"C:/Users/kerra/projects/Immortalathleticswebsite/api/instagram-feed.ts","ts":1778694427421,"isWinAbs":true,"isCss":false},"timestamp":1778694427421,"hypothesisId":"H2"}
{"sessionId":"b03066","location":"vite.config.ts:handleHotUpdate","message":"hmr","data":{"n":9,"file":"C:/Users/kerra/projects/Immortalathleticswebsite/debug-b03066.log","ts":1778694427425,"isWinAbs":true,"isCss":false},"timestamp":1778694427425,"hypothesisId":"H2"}
{"sessionId":"b03066","location":"vite.config.ts:handleHotUpdate","message":"hmr","data":{"n":9,"file":"C:/Users/kerra/projects/Immortalathleticswebsite/debug-b03066.log","ts":1778694427425,"isWinAbs":true,"isCss":false},"timestamp":1778694427425,"hypothesisId":"H2"}
{"sessionId":"b03066","location":"vite.config.ts:handleHotUpdate","message":"hmr","data":{"n":9,"file":"C:/Users/kerra/projects/Immortalathleticswebsite/debug-b03066.log","ts":1778694427426,"isWinAbs":true,"isCss":false},"timestamp":1778694427426,"hypothesisId":"H2"}
{"sessionId":"b03066","location":"vite.config.ts:handleHotUpdate","message":"hmr","data":{"n":10,"file":"C:/Users/kerra/projects/Immortalathleticswebsite/.cursor/debug-b03066.log","ts":1778694427437,"isWinAbs":true,"isCss":false},"timestamp":1778694427437,"hypothesisId":"H2"}
{"sessionId":"b03066","location":"vite.config.ts:handleHotUpdate","message":"hmr","data":{"n":10,"file":"C:/Users/kerra/projects/Immortalathleticswebsite/.cursor/debug-b03066.log","ts":1778694427439,"isWinAbs":true,"isCss":false},"timestamp":1778694427439,"hypothesisId":"H2"}
{"sessionId":"b03066","location":"vite.config.ts:handleHotUpdate","message":"hmr","data":{"n":10,"file":"C:/Users/kerra/projects/Immortalathleticswebsite/.cursor/debug-b03066.log","ts":1778694427439,"isWinAbs":true,"isCss":false},"timestamp":1778694427439,"hypothesisId":"H2"}
{"sessionId":"b03066","location":"vite.config.ts:handleHotUpdate","message":"hmr","data":{"n":11,"file":"C:/Users/kerra/projects/Immortalathleticswebsite/src/app/pages/HomePage.tsx","ts":1778694446663,"isWinAbs":true,"isCss":false},"timestamp":1778694446663,"hypothesisId":"H2"}
{"sessionId":"b03066","location":"vite.config.ts:handleHotUpdate","message":"hmr","data":{"n":11,"file":"C:/Users/kerra/projects/Immortalathleticswebsite/src/app/pages/HomePage.tsx","ts":1778694446663,"isWinAbs":true,"isCss":false},"timestamp":1778694446663,"hypothesisId":"H2"}
{"sessionId":"b03066","location":"vite.config.ts:handleHotUpdate","message":"hmr","data":{"n":11,"file":"C:/Users/kerra/projects/Immortalathleticswebsite/src/app/pages/HomePage.tsx","ts":1778694446663,"isWinAbs":true,"isCss":false},"timestamp":1778694446663,"hypothesisId":"H2"}
{"sessionId":"b03066","location":"vite.config.ts:handleHotUpdate","message":"hmr","data":{"n":12,"file":"C:/Users/kerra/projects/Immortalathleticswebsite/debug-b03066.log","ts":1778694446668,"isWinAbs":true,"isCss":false},"timestamp":1778694446668,"hypothesisId":"H2"}
{"sessionId":"b03066","location":"vite.config.ts:handleHotUpdate","message":"hmr","data":{"n":12,"file":"C:/Users/kerra/projects/Immortalathleticswebsite/debug-b03066.log","ts":1778694446669,"isWinAbs":true,"isCss":false},"timestamp":1778694446669,"hypothesisId":"H2"}
{"sessionId":"b03066","location":"vite.config.ts:handleHotUpdate","message":"hmr","data":{"n":12,"file":"C:/Users/kerra/projects/Immortalathleticswebsite/debug-b03066.log","ts":1778694446670,"isWinAbs":true,"isCss":false},"timestamp":1778694446670,"hypothesisId":"H2"}
{"sessionId":"b03066","location":"vite.config.ts:handleHotUpdate","message":"hmr","data":{"n":13,"file":"C:/Users/kerra/projects/Immortalathleticswebsite/.cursor/debug-b03066.log","ts":1778694446683,"isWinAbs":true,"isCss":false},"timestamp":1778694446683,"hypothesisId":"H2"}
{"sessionId":"b03066","location":"vite.config.ts:handleHotUpdate","message":"hmr","data":{"n":13,"file":"C:/Users/kerra/projects/Immortalathleticswebsite/.cursor/debug-b03066.log","ts":1778694446685,"isWinAbs":true,"isCss":false},"timestamp":1778694446685,"hypothesisId":"H2"}
{"sessionId":"b03066","location":"vite.config.ts:handleHotUpdate","message":"hmr","data":{"n":13,"file":"C:/Users/kerra/projects/Immortalathleticswebsite/.cursor/debug-b03066.log","ts":1778694446685,"isWinAbs":true,"isCss":false},"timestamp":1778694446685,"hypothesisId":"H2"}
{"sessionId":"b03066","location":"vite.config.ts:handleHotUpdate","message":"hmr","data":{"n":14,"file":"C:/Users/kerra/projects/Immortalathleticswebsite/src/app/pages/HomePage.tsx","ts":1778694450260,"isWinAbs":true,"isCss":false},"timestamp":1778694450261,"hypothesisId":"H2"}
{"sessionId":"b03066","location":"vite.config.ts:handleHotUpdate","message":"hmr","data":{"n":14,"file":"C:/Users/kerra/projects/Immortalathleticswebsite/src/app/pages/HomePage.tsx","ts":1778694450263,"isWinAbs":true,"isCss":false},"timestamp":1778694450263,"hypothesisId":"H2"}
{"sessionId":"b03066","location":"vite.config.ts:handleHotUpdate","message":"hmr","data":{"n":14,"file":"C:/Users/kerra/projects/Immortalathleticswebsite/src/app/pages/HomePage.tsx","ts":1778694450263,"isWinAbs":true,"isCss":false},"timestamp":1778694450263,"hypothesisId":"H2"}
{"sessionId":"b03066","location":"vite.config.ts:handleHotUpdate","message":"hmr","data":{"n":15,"file":"C:/Users/kerra/projects/Immortalathleticswebsite/debug-b03066.log","ts":1778694450268,"isWinAbs":true,"isCss":false},"timestamp":1778694450268,"hypothesisId":"H2"}
{"sessionId":"b03066","location":"vite.config.ts:handleHotUpdate","message":"hmr","data":{"n":15,"file":"C:/Users/kerra/projects/Immortalathleticswebsite/debug-b03066.log","ts":1778694450268,"isWinAbs":true,"isCss":false},"timestamp":1778694450268,"hypothesisId":"H2"}
{"sessionId":"b03066","location":"vite.config.ts:handleHotUpdate","message":"hmr","data":{"n":15,"file":"C:/Users/kerra/projects/Immortalathleticswebsite/debug-b03066.log","ts":1778694450268,"isWinAbs":true,"isCss":false},"timestamp":1778694450268,"hypothesisId":"H2"}
{"sessionId":"b03066","location":"vite.config.ts:handleHotUpdate","message":"hmr","data":{"n":16,"file":"C:/Users/kerra/projects/Immortalathleticswebsite/.cursor/debug-b03066.log","ts":1778694450279,"isWinAbs":true,"isCss":false},"timestamp":1778694450279,"hypothesisId":"H2"}
{"sessionId":"b03066","location":"vite.config.ts:handleHotUpdate","message":"hmr","data":{"n":16,"file":"C:/Users/kerra/projects/Immortalathleticswebsite/.cursor/debug-b03066.log","ts":1778694450280,"isWinAbs":true,"isCss":false},"timestamp":1778694450280,"hypothesisId":"H2"}
{"sessionId":"b03066","location":"vite.config.ts:handleHotUpdate","message":"hmr","data":{"n":16,"file":"C:/Users/kerra/projects/Immortalathleticswebsite/.cursor/debug-b03066.log","ts":1778694450279,"isWinAbs":true,"isCss":false},"timestamp":1778694450279,"hypothesisId":"H2"}
{"sessionId":"b03066","location":"vite.config.ts:handleHotUpdate","message":"hmr","data":{"n":17,"file":"C:/Users/kerra/projects/Immortalathleticswebsite/package-lock.json","ts":1778694478869,"isWinAbs":true,"isCss":false},"timestamp":1778694478869,"hypothesisId":"H2"}
{"sessionId":"b03066","location":"vite.config.ts:handleHotUpdate","message":"hmr","data":{"n":17,"file":"C:/Users/kerra/projects/Immortalathleticswebsite/package-lock.json","ts":1778694478869,"isWinAbs":true,"isCss":false},"timestamp":1778694478869,"hypothesisId":"H2"}
{"sessionId":"b03066","location":"vite.config.ts:handleHotUpdate","message":"hmr","data":{"n":17,"file":"C:/Users/kerra/projects/Immortalathleticswebsite/package-lock.json","ts":1778694478870,"isWinAbs":true,"isCss":false},"timestamp":1778694478870,"hypothesisId":"H2"}
{"sessionId":"b03066","location":"vite.config.ts:handleHotUpdate","message":"hmr","data":{"n":18,"file":"C:/Users/kerra/projects/Immortalathleticswebsite/debug-b03066.log","ts":1778694478876,"isWinAbs":true,"isCss":false},"timestamp":1778694478876,"hypothesisId":"H2"}
{"sessionId":"b03066","location":"vite.config.ts:handleHotUpdate","message":"hmr","data":{"n":18,"file":"C:/Users/kerra/projects/Immortalathleticswebsite/debug-b03066.log","ts":1778694478878,"isWinAbs":true,"isCss":false},"timestamp":1778694478878,"hypothesisId":"H2"}
{"sessionId":"b03066","location":"vite.config.ts:handleHotUpdate","message":"hmr","data":{"n":18,"file":"C:/Users/kerra/projects/Immortalathleticswebsite/debug-b03066.log","ts":1778694478879,"isWinAbs":true,"isCss":false},"timestamp":1778694478880,"hypothesisId":"H2"}
{"sessionId":"b03066","location":"vite.config.ts:handleHotUpdate","message":"hmr","data":{"n":19,"file":"C:/Users/kerra/projects/Immortalathleticswebsite/.cursor/debug-b03066.log","ts":1778694478882,"isWinAbs":true,"isCss":false},"timestamp":1778694478882,"hypothesisId":"H2"}
{"sessionId":"b03066","location":"vite.config.ts:handleHotUpdate","message":"hmr","data":{"n":19,"file":"C:/Users/kerra/projects/Immortalathleticswebsite/.cursor/debug-b03066.log","ts":1778694478886,"isWinAbs":true,"isCss":false},"timestamp":1778694478886,"hypothesisId":"H2"}
{"sessionId":"b03066","location":"vite.config.ts:handleHotUpdate","message":"hmr","data":{"n":19,"file":"C:/Users/kerra/projects/Immortalathleticswebsite/.cursor/debug-b03066.log","ts":1778694478886,"isWinAbs":true,"isCss":false},"timestamp":1778694478886,"hypothesisId":"H2"}
{"sessionId":"b03066","location":"vite.config.ts:handleHotUpdate","message":"hmr","data":{"n":20,"file":"C:/Users/kerra/projects/Immortalathleticswebsite/package-lock.json","ts":1778694491625,"isWinAbs":true,"isCss":false},"timestamp":1778694491625,"hypothesisId":"H2"}
{"sessionId":"b03066","location":"vite.config.ts:handleHotUpdate","message":"hmr","data":{"n":20,"file":"C:/Users/kerra/projects/Immortalathleticswebsite/package-lock.json","ts":1778694491625,"isWinAbs":true,"isCss":false},"timestamp":1778694491625,"hypothesisId":"H2"}
{"sessionId":"b03066","location":"vite.config.ts:handleHotUpdate","message":"hmr","data":{"n":20,"file":"C:/Users/kerra/projects/Immortalathleticswebsite/package-lock.json","ts":1778694491625,"isWinAbs":true,"isCss":false},"timestamp":1778694491625,"hypothesisId":"H2"}
{"sessionId":"b03066","location":"vite.config.ts:handleHotUpdate","message":"hmr","data":{"n":21,"file":"C:/Users/kerra/projects/Immortalathleticswebsite/debug-b03066.log","ts":1778694491630,"isWinAbs":true,"isCss":false},"timestamp":1778694491630,"hypothesisId":"H2"}
{"sessionId":"b03066","location":"vite.config.ts:handleHotUpdate","message":"hmr","data":{"n":21,"file":"C:/Users/kerra/projects/Immortalathleticswebsite/debug-b03066.log","ts":1778694491632,"isWinAbs":true,"isCss":false},"timestamp":1778694491632,"hypothesisId":"H2"}
{"sessionId":"b03066","location":"vite.config.ts:handleHotUpdate","message":"hmr","data":{"n":21,"file":"C:/Users/kerra/projects/Immortalathleticswebsite/debug-b03066.log","ts":1778694491631,"isWinAbs":true,"isCss":false},"timestamp":1778694491631,"hypothesisId":"H2"}
{"sessionId":"b03066","location":"vite.config.ts:handleHotUpdate","message":"hmr","data":{"n":22,"file":"C:/Users/kerra/projects/Immortalathleticswebsite/.cursor/debug-b03066.log","ts":1778694491637,"isWinAbs":true,"isCss":false},"timestamp":1778694491637,"hypothesisId":"H2"}
{"sessionId":"b03066","location":"vite.config.ts:handleHotUpdate","message":"hmr","data":{"n":22,"file":"C:/Users/kerra/projects/Immortalathleticswebsite/.cursor/debug-b03066.log","ts":1778694491636,"isWinAbs":true,"isCss":false},"timestamp":1778694491636,"hypothesisId":"H2"}
{"sessionId":"b03066","location":"vite.config.ts:handleHotUpdate","message":"hmr","data":{"n":22,"file":"C:/Users/kerra/projects/Immortalathleticswebsite/.cursor/debug-b03066.log","ts":1778694491639,"isWinAbs":true,"isCss":false},"timestamp":1778694491639,"hypothesisId":"H2"}
{"sessionId":"b03066","location":"vite.config.ts:handleHotUpdate","message":"hmr","data":{"n":23,"file":"C:/Users/kerra/projects/Immortalathleticswebsite/package.json","ts":1778694509336,"isWinAbs":true,"isCss":false},"timestamp":1778694509336,"hypothesisId":"H2"}
{"sessionId":"b03066","location":"vite.config.ts:handleHotUpdate","message":"hmr","data":{"n":23,"file":"C:/Users/kerra/projects/Immortalathleticswebsite/package.json","ts":1778694509337,"isWinAbs":true,"isCss":false},"timestamp":1778694509337,"hypothesisId":"H2"}
{"sessionId":"b03066","location":"vite.config.ts:handleHotUpdate","message":"hmr","data":{"n":23,"file":"C:/Users/kerra/projects/Immortalathleticswebsite/package.json","ts":1778694509335,"isWinAbs":true,"isCss":false},"timestamp":1778694509335,"hypothesisId":"H2"}
{"sessionId":"b03066","location":"vite.config.ts:handleHotUpdate","message":"hmr","data":{"n":24,"file":"C:/Users/kerra/projects/Immortalathleticswebsite/debug-b03066.log","ts":1778694509344,"isWinAbs":true,"isCss":false},"timestamp":1778694509344,"hypothesisId":"H2"}
{"sessionId":"b03066","location":"vite.config.ts:handleHotUpdate","message":"hmr","data":{"n":24,"file":"C:/Users/kerra/projects/Immortalathleticswebsite/debug-b03066.log","ts":1778694509345,"isWinAbs":true,"isCss":false},"timestamp":1778694509345,"hypothesisId":"H2"}
{"sessionId":"b03066","location":"vite.config.ts:handleHotUpdate","message":"hmr","data":{"n":24,"file":"C:/Users/kerra/projects/Immortalathleticswebsite/debug-b03066.log","ts":1778694509346,"isWinAbs":true,"isCss":false},"timestamp":1778694509346,"hypothesisId":"H2"}
{"sessionId":"b03066","location":"vite.config.ts:handleHotUpdate","message":"hmr","data":{"n":25,"file":"C:/Users/kerra/projects/Immortalathleticswebsite/.cursor/debug-b03066.log","ts":1778694509349,"isWinAbs":true,"isCss":false},"timestamp":1778694509349,"hypothesisId":"H2"}
{"sessionId":"b03066","location":"vite.config.ts:handleHotUpdate","message":"hmr","data":{"n":25,"file":"C:/Users/kerra/projects/Immortalathleticswebsite/.cursor/debug-b03066.log","ts":1778694509349,"isWinAbs":true,"isCss":false},"timestamp":1778694509349,"hypothesisId":"H2"}
{"sessionId":"b03066","location":"vite.config.ts:handleHotUpdate","message":"hmr","data":{"n":25,"file":"C:/Users/kerra/projects/Immortalathleticswebsite/.cursor/debug-b03066.log","ts":1778694509350,"isWinAbs":true,"isCss":false},"timestamp":1778694509350,"hypothesisId":"H2"}
{"sessionId":"b03066","location":"vite.config.ts:handleHotUpdate","message":"hmr","data":{"n":26,"file":"C:/Users/kerra/projects/Immortalathleticswebsite/package-lock.json","ts":1778694509473,"isWinAbs":true,"isCss":false},"timestamp":1778694509473,"hypothesisId":"H2"}
{"sessionId":"b03066","location":"vite.config.ts:handleHotUpdate","message":"hmr","data":{"n":26,"file":"C:/Users/kerra/projects/Immortalathleticswebsite/package-lock.json","ts":1778694509473,"isWinAbs":true,"isCss":false},"timestamp":1778694509473,"hypothesisId":"H2"}
{"sessionId":"b03066","location":"vite.config.ts:handleHotUpdate","message":"hmr","data":{"n":26,"file":"C:/Users/kerra/projects/Immortalathleticswebsite/package-lock.json","ts":1778694509475,"isWinAbs":true,"isCss":false},"timestamp":1778694509475,"hypothesisId":"H2"}
{"sessionId":"b03066","location":"vite.config.ts:handleHotUpdate","message":"hmr","data":{"n":27,"file":"C:/Users/kerra/projects/Immortalathleticswebsite/debug-b03066.log","ts":1778694509480,"isWinAbs":true,"isCss":false},"timestamp":1778694509480,"hypothesisId":"H2"}
{"sessionId":"b03066","location":"vite.config.ts:handleHotUpdate","message":"hmr","data":{"n":27,"file":"C:/Users/kerra/projects/Immortalathleticswebsite/debug-b03066.log","ts":1778694509482,"isWinAbs":true,"isCss":false},"timestamp":1778694509482,"hypothesisId":"H2"}
{"sessionId":"b03066","location":"vite.config.ts:handleHotUpdate","message":"hmr","data":{"n":27,"file":"C:/Users/kerra/projects/Immortalathleticswebsite/.cursor/debug-b03066.log","ts":1778694509482,"isWinAbs":true,"isCss":false},"timestamp":1778694509482,"hypothesisId":"H2"}
{"sessionId":"b03066","location":"vite.config.ts:handleHotUpdate","message":"hmr","data":{"n":28,"file":"C:/Users/kerra/projects/Immortalathleticswebsite/.cursor/debug-b03066.log","ts":1778694509482,"isWinAbs":true,"isCss":false},"timestamp":1778694509482,"hypothesisId":"H2"}
{"sessionId":"b03066","location":"vite.config.ts:handleHotUpdate","message":"hmr","data":{"n":28,"file":"C:/Users/kerra/projects/Immortalathleticswebsite/.cursor/debug-b03066.log","ts":1778694509485,"isWinAbs":true,"isCss":false},"timestamp":1778694509485,"hypothesisId":"H2"}
{"sessionId":"b03066","location":"vite.config.ts:handleHotUpdate","message":"hmr","data":{"n":28,"file":"C:/Users/kerra/projects/Immortalathleticswebsite/debug-b03066.log","ts":1778694509484,"isWinAbs":true,"isCss":false},"timestamp":1778694509484,"hypothesisId":"H2"}
{"sessionId":"b03066","location":"vite.config.ts:handleHotUpdate","message":"hmr","data":{"n":29,"file":"C:/Users/kerra/projects/Immortalathleticswebsite/package-lock.json","ts":1778694525307,"isWinAbs":true,"isCss":false},"timestamp":1778694525307,"hypothesisId":"H2"}
{"sessionId":"b03066","location":"vite.config.ts:handleHotUpdate","message":"hmr","data":{"n":29,"file":"C:/Users/kerra/projects/Immortalathleticswebsite/package-lock.json","ts":1778694525308,"isWinAbs":true,"isCss":false},"timestamp":1778694525308,"hypothesisId":"H2"}
{"sessionId":"b03066","location":"vite.config.ts:handleHotUpdate","message":"hmr","data":{"n":29,"file":"C:/Users/kerra/projects/Immortalathleticswebsite/package-lock.json","ts":1778694525310,"isWinAbs":true,"isCss":false},"timestamp":1778694525310,"hypothesisId":"H2"}
{"sessionId":"b03066","location":"vite.config.ts:handleHotUpdate","message":"hmr","data":{"n":30,"file":"C:/Users/kerra/projects/Immortalathleticswebsite/debug-b03066.log","ts":1778694525313,"isWinAbs":true,"isCss":false},"timestamp":1778694525313,"hypothesisId":"H2"}
{"sessionId":"b03066","location":"vite.config.ts:handleHotUpdate","message":"hmr","data":{"n":30,"file":"C:/Users/kerra/projects/Immortalathleticswebsite/debug-b03066.log","ts":1778694525315,"isWinAbs":true,"isCss":false},"timestamp":1778694525315,"hypothesisId":"H2"}
{"sessionId":"b03066","location":"vite.config.ts:handleHotUpdate","message":"hmr","data":{"n":30,"file":"C:/Users/kerra/projects/Immortalathleticswebsite/debug-b03066.log","ts":1778694525318,"isWinAbs":true,"isCss":false},"timestamp":1778694525318,"hypothesisId":"H2"}
{"sessionId":"b03066","location":"vite.config.ts:handleHotUpdate","message":"hmr","data":{"n":31,"file":"C:/Users/kerra/projects/Immortalathleticswebsite/.cursor/debug-b03066.log","ts":1778694525320,"isWinAbs":true,"isCss":false},"timestamp":1778694525320,"hypothesisId":"H2"}
{"sessionId":"b03066","location":"vite.config.ts:handleHotUpdate","message":"hmr","data":{"n":31,"file":"C:/Users/kerra/projects/Immortalathleticswebsite/.cursor/debug-b03066.log","ts":1778694525321,"isWinAbs":true,"isCss":false},"timestamp":1778694525321,"hypothesisId":"H2"}
{"sessionId":"b03066","location":"vite.config.ts:handleHotUpdate","message":"hmr","data":{"n":31,"file":"C:/Users/kerra/projects/Immortalathleticswebsite/.cursor/debug-b03066.log","ts":1778694525325,"isWinAbs":true,"isCss":false},"timestamp":1778694525325,"hypothesisId":"H2"}
{"sessionId":"b03066","location":"vite.config.ts:module","message":"vite.config evaluated","data":{"node":"v22.22.0","platform":"win32","pid":4916},"timestamp":1778694537001,"hypothesisId":"H1"}
{"sessionId":"b03066","location":"vite.config.ts:handleHotUpdate","message":"hmr","data":{"n":32,"file":"C:/Users/kerra/projects/Immortalathleticswebsite/debug-b03066.log","ts":1778694536997,"isWinAbs":true,"isCss":false},"timestamp":1778694536997,"hypothesisId":"H2"}
{"sessionId":"b03066","location":"vite.config.ts:handleHotUpdate","message":"hmr","data":{"n":32,"file":"C:/Users/kerra/projects/Immortalathleticswebsite/debug-b03066.log","ts":1778694536999,"isWinAbs":true,"isCss":false},"timestamp":1778694536999,"hypothesisId":"H2"}
{"sessionId":"b03066","location":"vite.config.ts:handleHotUpdate","message":"hmr","data":{"n":32,"file":"C:/Users/kerra/projects/Immortalathleticswebsite/debug-b03066.log","ts":1778694536997,"isWinAbs":true,"isCss":false},"timestamp":1778694536997,"hypothesisId":"H2"}
{"sessionId":"b03066","location":"vite.config.ts:handleHotUpdate","message":"hmr","data":{"n":33,"file":"C:/Users/kerra/projects/Immortalathleticswebsite/.cursor/debug-b03066.log","ts":1778694537007,"isWinAbs":true,"isCss":false},"timestamp":1778694537007,"hypothesisId":"H2"}
{"sessionId":"b03066","location":"vite.config.ts:handleHotUpdate","message":"hmr","data":{"n":33,"file":"C:/Users/kerra/projects/Immortalathleticswebsite/.cursor/debug-b03066.log","ts":1778694537007,"isWinAbs":true,"isCss":false},"timestamp":1778694537007,"hypothesisId":"H2"}
{"sessionId":"b03066","location":"vite.config.ts:handleHotUpdate","message":"hmr","data":{"n":33,"file":"C:/Users/kerra/projects/Immortalathleticswebsite/.cursor/debug-b03066.log","ts":1778694537008,"isWinAbs":true,"isCss":false},"timestamp":1778694537008,"hypothesisId":"H2"}
{"sessionId":"b03066","location":"vite.config.ts:handleHotUpdate","message":"hmr","data":{"n":34,"file":"C:/Users/kerra/projects/Immortalathleticswebsite/.cursor/debug-b03066.log","ts":1778694537065,"isWinAbs":true,"isCss":false},"timestamp":1778694537065,"hypothesisId":"H2"}
{"sessionId":"b03066","location":"vite.config.ts:handleHotUpdate","message":"hmr","data":{"n":34,"file":"C:/Users/kerra/projects/Immortalathleticswebsite/.cursor/debug-b03066.log","ts":1778694537066,"isWinAbs":true,"isCss":false},"timestamp":1778694537066,"hypothesisId":"H2"}
{"sessionId":"b03066","location":"vite.config.ts:handleHotUpdate","message":"hmr","data":{"n":34,"file":"C:/Users/kerra/projects/Immortalathleticswebsite/.cursor/debug-b03066.log","ts":1778694537069,"isWinAbs":true,"isCss":false},"timestamp":1778694537069,"hypothesisId":"H2"}
{"sessionId":"b03066","location":"vite.config.ts:handleHotUpdate","message":"hmr","data":{"n":35,"file":"C:/Users/kerra/projects/Immortalathleticswebsite/debug-b03066.log","ts":1778694537070,"isWinAbs":true,"isCss":false},"timestamp":1778694537070,"hypothesisId":"H2"}
{"sessionId":"b03066","location":"vite.config.ts:handleHotUpdate","message":"hmr","data":{"n":35,"file":"C:/Users/kerra/projects/Immortalathleticswebsite/debug-b03066.log","ts":1778694537072,"isWinAbs":true,"isCss":false},"timestamp":1778694537072,"hypothesisId":"H2"}
{"sessionId":"b03066","location":"vite.config.ts:handleHotUpdate","message":"hmr","data":{"n":35,"file":"C:/Users/kerra/projects/Immortalathleticswebsite/debug-b03066.log","ts":1778694537071,"isWinAbs":true,"isCss":false},"timestamp":1778694537071,"hypothesisId":"H2"}
{"sessionId":"b03066","location":"vite.config.ts:buildStart","message":"vite buildStart","data":{"command":"unknown","node":"v22.22.0","platform":"win32","pid":4916},"timestamp":1778694537117,"hypothesisId":"H3"}
{"sessionId":"b03066","location":"vite.config.ts:handleHotUpdate","message":"hmr","data":{"n":36,"file":"C:/Users/kerra/projects/Immortalathleticswebsite/.cursor/debug-b03066.log","ts":1778694537120,"isWinAbs":true,"isCss":false},"timestamp":1778694537120,"hypothesisId":"H2"}
{"sessionId":"b03066","location":"vite.config.ts:handleHotUpdate","message":"hmr","data":{"n":36,"file":"C:/Users/kerra/projects/Immortalathleticswebsite/.cursor/debug-b03066.log","ts":1778694537122,"isWinAbs":true,"isCss":false},"timestamp":1778694537122,"hypothesisId":"H2"}
{"sessionId":"b03066","location":"vite.config.ts:handleHotUpdate","message":"hmr","data":{"n":36,"file":"C:/Users/kerra/projects/Immortalathleticswebsite/.cursor/debug-b03066.log","ts":1778694537120,"isWinAbs":true,"isCss":false},"timestamp":1778694537120,"hypothesisId":"H2"}
{"sessionId":"b03066","location":"vite.config.ts:handleHotUpdate","message":"hmr","data":{"n":37,"file":"C:/Users/kerra/projects/Immortalathleticswebsite/debug-b03066.log","ts":1778694537125,"isWinAbs":true,"isCss":false},"timestamp":1778694537125,"hypothesisId":"H2"}
{"sessionId":"b03066","location":"vite.config.ts:handleHotUpdate","message":"hmr","data":{"n":37,"file":"C:/Users/kerra/projects/Immortalathleticswebsite/debug-b03066.log","ts":1778694537127,"isWinAbs":true,"isCss":false},"timestamp":1778694537127,"hypothesisId":"H2"}
{"sessionId":"b03066","location":"vite.config.ts:handleHotUpdate","message":"hmr","data":{"n":37,"file":"C:/Users/kerra/projects/Immortalathleticswebsite/debug-b03066.log","ts":1778694537125,"isWinAbs":true,"isCss":false},"timestamp":1778694537125,"hypothesisId":"H2"}
{"sessionId":"b03066","location":"vite.config.ts:module","message":"vite.config evaluated","data":{"node":"v24.15.0","platform":"win32","pid":28836},"timestamp":1778694568940,"hypothesisId":"H1"}
{"sessionId":"b03066","location":"vite.config.ts:handleHotUpdate","message":"hmr","data":{"n":38,"file":"C:/Users/kerra/projects/Immortalathleticswebsite/debug-b03066.log","ts":1778694568939,"isWinAbs":true,"isCss":false},"timestamp":1778694568939,"hypothesisId":"H2"}
{"sessionId":"b03066","location":"vite.config.ts:handleHotUpdate","message":"hmr","data":{"n":38,"file":"C:/Users/kerra/projects/Immortalathleticswebsite/debug-b03066.log","ts":1778694568939,"isWinAbs":true,"isCss":false},"timestamp":1778694568939,"hypothesisId":"H2"}
{"sessionId":"b03066","location":"vite.config.ts:handleHotUpdate","message":"hmr","data":{"n":38,"file":"C:/Users/kerra/projects/Immortalathleticswebsite/debug-b03066.log","ts":1778694568939,"isWinAbs":true,"isCss":false},"timestamp":1778694568939,"hypothesisId":"H2"}
{"sessionId":"b03066","location":"vite.config.ts:handleHotUpdate","message":"hmr","data":{"n":39,"file":"C:/Users/kerra/projects/Immortalathleticswebsite/.cursor/debug-b03066.log","ts":1778694568949,"isWinAbs":true,"isCss":false},"timestamp":1778694568949,"hypothesisId":"H2"}
{"sessionId":"b03066","location":"vite.config.ts:handleHotUpdate","message":"hmr","data":{"n":39,"file":"C:/Users/kerra/projects/Immortalathleticswebsite/.cursor/debug-b03066.log","ts":1778694568950,"isWinAbs":true,"isCss":false},"timestamp":1778694568950,"hypothesisId":"H2"}
{"sessionId":"b03066","location":"vite.config.ts:handleHotUpdate","message":"hmr","data":{"n":39,"file":"C:/Users/kerra/projects/Immortalathleticswebsite/.cursor/debug-b03066.log","ts":1778694568950,"isWinAbs":true,"isCss":false},"timestamp":1778694568950,"hypothesisId":"H2"}
{"sessionId":"b03066","location":"vite.config.ts:configureServer","message":"vite dev server configuring","data":{"node":"v24.15.0","platform":"win32","pid":28836,"argv0":"C:\\Program Files\\nodejs\\node.exe","argvTail":"C:\\Users\\kerra\\projects\\Immortalathleticswebsite\\node_modules\\vite\\bin\\vite.js"},"timestamp":1778694568976,"hypothesisId":"H1"}
{"sessionId":"b03066","location":"vite.config.ts:buildStart","message":"vite buildStart","data":{"command":"unknown","node":"v24.15.0","platform":"win32","pid":28836},"timestamp":1778694568989,"hypothesisId":"H3"}
{"sessionId":"b03066","location":"vite.config.ts:listening","message":"http server listening","data":{"address":{"address":"::1","family":"IPv6","port":5173}},"timestamp":1778694569077,"hypothesisId":"H1"}
{"sessionId":"b03066","location":"vite.config.ts:handleHotUpdate","message":"hmr","data":{"n":40,"file":"C:/Users/kerra/projects/Immortalathleticswebsite/debug-b03066.log","ts":1778694569076,"isWinAbs":true,"isCss":false},"timestamp":1778694569076,"hypothesisId":"H2"}
{"sessionId":"b03066","location":"vite.config.ts:handleHotUpdate","message":"hmr","data":{"n":40,"file":"C:/Users/kerra/projects/Immortalathleticswebsite/debug-b03066.log","ts":1778694569077,"isWinAbs":true,"isCss":false},"timestamp":1778694569077,"hypothesisId":"H2"}
{"sessionId":"b03066","location":"vite.config.ts:handleHotUpdate","message":"hmr","data":{"n":40,"file":"C:/Users/kerra/projects/Immortalathleticswebsite/debug-b03066.log","ts":1778694569077,"isWinAbs":true,"isCss":false},"timestamp":1778694569077,"hypothesisId":"H2"}
{"sessionId":"b03066","location":"vite.config.ts:handleHotUpdate","message":"hmr","data":{"n":41,"file":"C:/Users/kerra/projects/Immortalathleticswebsite/.cursor/debug-b03066.log","ts":1778694569086,"isWinAbs":true,"isCss":false},"timestamp":1778694569086,"hypothesisId":"H2"}
{"sessionId":"b03066","location":"vite.config.ts:handleHotUpdate","message":"hmr","data":{"n":41,"file":"C:/Users/kerra/projects/Immortalathleticswebsite/.cursor/debug-b03066.log","ts":1778694569086,"isWinAbs":true,"isCss":false},"timestamp":1778694569086,"hypothesisId":"H2"}
{"sessionId":"b03066","location":"vite.config.ts:handleHotUpdate","message":"hmr","data":{"n":41,"file":"C:/Users/kerra/projects/Immortalathleticswebsite/.cursor/debug-b03066.log","ts":1778694569092,"isWinAbs":true,"isCss":false},"timestamp":1778694569092,"hypothesisId":"H2"}
{"sessionId":"b03066","location":"vite.config.ts:handleHotUpdate","message":"hmr","data":{"n":1,"file":"C:/Users/kerra/projects/Immortalathleticswebsite/debug-b03066.log","ts":1778694569100,"isWinAbs":true,"isCss":false},"timestamp":1778694569100,"hypothesisId":"H2"}
{"sessionId":"b03066","location":"vite.config.ts:handleHotUpdate","message":"hmr","data":{"n":2,"file":"C:/Users/kerra/projects/Immortalathleticswebsite/.cursor/debug-b03066.log","ts":1778694569102,"isWinAbs":true,"isCss":false},"timestamp":1778694569102,"hypothesisId":"H2"}
{"sessionId":"b03066","location":"vite.config.ts:module","message":"vite.config evaluated","data":{"node":"v24.15.0","platform":"win32","pid":29152},"timestamp":1778694645391,"hypothesisId":"H1"}
{"sessionId":"b03066","location":"vite.config.ts:handleHotUpdate","message":"hmr","data":{"n":42,"file":"C:/Users/kerra/projects/Immortalathleticswebsite/debug-b03066.log","ts":1778694645396,"isWinAbs":true,"isCss":false},"timestamp":1778694645396,"hypothesisId":"H2"}
{"sessionId":"b03066","location":"vite.config.ts:handleHotUpdate","message":"hmr","data":{"n":42,"file":"C:/Users/kerra/projects/Immortalathleticswebsite/debug-b03066.log","ts":1778694645396,"isWinAbs":true,"isCss":false},"timestamp":1778694645396,"hypothesisId":"H2"}
{"sessionId":"b03066","location":"vite.config.ts:handleHotUpdate","message":"hmr","data":{"n":42,"file":"C:/Users/kerra/projects/Immortalathleticswebsite/debug-b03066.log","ts":1778694645396,"isWinAbs":true,"isCss":false},"timestamp":1778694645396,"hypothesisId":"H2"}
{"sessionId":"b03066","location":"vite.config.ts:handleHotUpdate","message":"hmr","data":{"n":43,"file":"C:/Users/kerra/projects/Immortalathleticswebsite/.cursor/debug-b03066.log","ts":1778694645405,"isWinAbs":true,"isCss":false},"timestamp":1778694645405,"hypothesisId":"H2"}
{"sessionId":"b03066","location":"vite.config.ts:handleHotUpdate","message":"hmr","data":{"n":43,"file":"C:/Users/kerra/projects/Immortalathleticswebsite/.cursor/debug-b03066.log","ts":1778694645407,"isWinAbs":true,"isCss":false},"timestamp":1778694645407,"hypothesisId":"H2"}
{"sessionId":"b03066","location":"vite.config.ts:handleHotUpdate","message":"hmr","data":{"n":43,"file":"C:/Users/kerra/projects/Immortalathleticswebsite/.cursor/debug-b03066.log","ts":1778694645407,"isWinAbs":true,"isCss":false},"timestamp":1778694645407,"hypothesisId":"H2"}
{"sessionId":"b03066","location":"vite.config.ts:configureServer","message":"vite dev server configuring","data":{"node":"v24.15.0","platform":"win32","pid":29152,"argv0":"C:\\Program Files\\nodejs\\node.exe","argvTail":"C:\\Users\\kerra\\projects\\Immortalathleticswebsite\\node_modules\\vite\\bin\\vite.js --port 55126"},"timestamp":1778694645426,"hypothesisId":"H1"}
{"sessionId":"b03066","location":"vite.config.ts:buildStart","message":"vite buildStart","data":{"command":"unknown","node":"v24.15.0","platform":"win32","pid":29152},"timestamp":1778694645439,"hypothesisId":"H3"}
{"sessionId":"b03066","location":"vite.config.ts:handleHotUpdate","message":"hmr","data":{"n":44,"file":"C:/Users/kerra/projects/Immortalathleticswebsite/.cursor/debug-b03066.log","ts":1778694645458,"isWinAbs":true,"isCss":false},"timestamp":1778694645458,"hypothesisId":"H2"}
{"sessionId":"b03066","location":"vite.config.ts:handleHotUpdate","message":"hmr","data":{"n":44,"file":"C:/Users/kerra/projects/Immortalathleticswebsite/.cursor/debug-b03066.log","ts":1778694645459,"isWinAbs":true,"isCss":false},"timestamp":1778694645459,"hypothesisId":"H2"}
{"sessionId":"b03066","location":"vite.config.ts:handleHotUpdate","message":"hmr","data":{"n":44,"file":"C:/Users/kerra/projects/Immortalathleticswebsite/debug-b03066.log","ts":1778694645461,"isWinAbs":true,"isCss":false},"timestamp":1778694645461,"hypothesisId":"H2"}
{"sessionId":"b03066","location":"vite.config.ts:handleHotUpdate","message":"hmr","data":{"n":45,"file":"C:/Users/kerra/projects/Immortalathleticswebsite/debug-b03066.log","ts":1778694645462,"isWinAbs":true,"isCss":false},"timestamp":1778694645462,"hypothesisId":"H2"}
{"sessionId":"b03066","location":"vite.config.ts:handleHotUpdate","message":"hmr","data":{"n":45,"file":"C:/Users/kerra/projects/Immortalathleticswebsite/debug-b03066.log","ts":1778694645465,"isWinAbs":true,"isCss":false},"timestamp":1778694645465,"hypothesisId":"H2"}
{"sessionId":"b03066","location":"vite.config.ts:handleHotUpdate","message":"hmr","data":{"n":45,"file":"C:/Users/kerra/projects/Immortalathleticswebsite/.cursor/debug-b03066.log","ts":1778694645467,"isWinAbs":true,"isCss":false},"timestamp":1778694645467,"hypothesisId":"H2"}
{"sessionId":"b03066","location":"vite.config.ts:listening","message":"http server listening","data":{"address":{"address":"::1","family":"IPv6","port":55126}},"timestamp":1778694645472,"hypothesisId":"H1"}
